#-----------------------------------------------------------
# Vivado v2020.1 (64-bit)
# SW Build 2902540 on Wed May 27 19:54:49 MDT 2020
# IP Build 2902112 on Wed May 27 22:43:36 MDT 2020
# Start of session at: Tue Dec  8 16:38:27 2020
# Process ID: 16280
# Current directory: C:/Users/marcio/Desktop/projeto3/projeto3_PSD
# Command line: vivado.exe -gui_launcher_event rodinguilauncherevent10644 C:\Users\marcio\Desktop\projeto3\projeto3_PSD\project_3.xpr
# Log file: C:/Users/marcio/Desktop/projeto3/projeto3_PSD/vivado.log
# Journal file: C:/Users/marcio/Desktop/projeto3/projeto3_PSD\vivado.jou
#-----------------------------------------------------------
start_gui
open_project C:/Users/marcio/Desktop/projeto3/projeto3_PSD/project_3.xpr
Scanning sources...
Finished scanning sources
INFO: [IP_Flow 19-234] Refreshing IP repositories
INFO: [IP_Flow 19-1704] No user IP repositories specified
INFO: [IP_Flow 19-2313] Loaded Vivado IP repository 'E:/Vivado/Vivado/2020.1/data/ip'.
open_project: Time (s): cpu = 00:00:09 ; elapsed = 00:00:12 . Memory (MB): peak = 1220.020 ; gain = 0.000
update_compile_order -fileset sources_1
update_compile_order -fileset sources_1
add_files -norecurse {C:/Users/marcio/Documents/psdversoes/project_3/project_3.srcs/sources_1/new/registo2.vhd C:/Users/marcio/Documents/psdversoes/project_3/project_3.srcs/sources_1/new/registo1.vhd}
update_compile_order -fileset sources_1
export_ip_user_files -of_objects  [get_files C:/Users/marcio/Desktop/projeto3/projeto3_PSD/project_3.srcs/sources_1/new/alu1.vhd] -no_script -reset -force -quiet
remove_files  C:/Users/marcio/Desktop/projeto3/projeto3_PSD/project_3.srcs/sources_1/new/alu1.vhd
launch_runs synth_1 -jobs 6
[Tue Dec  8 18:10:47 2020] Launched synth_1...
Run output will be captured here: C:/Users/marcio/Desktop/projeto3/projeto3_PSD/project_3.runs/synth_1/runme.log
reset_run synth_1
launch_runs synth_1 -jobs 6
[Tue Dec  8 18:13:54 2020] Launched synth_1...
Run output will be captured here: C:/Users/marcio/Desktop/projeto3/projeto3_PSD/project_3.runs/synth_1/runme.log
reset_run synth_1
launch_runs synth_1 -jobs 6
[Tue Dec  8 18:51:01 2020] Launched synth_1...
Run output will be captured here: C:/Users/marcio/Desktop/projeto3/projeto3_PSD/project_3.runs/synth_1/runme.log
reset_run synth_1
launch_runs synth_1 -jobs 6
[Tue Dec  8 18:52:06 2020] Launched synth_1...
Run output will be captured here: C:/Users/marcio/Desktop/projeto3/projeto3_PSD/project_3.runs/synth_1/runme.log
reset_run synth_1
launch_runs synth_1 -jobs 6
[Tue Dec  8 18:53:23 2020] Launched synth_1...
Run output will be captured here: C:/Users/marcio/Desktop/projeto3/projeto3_PSD/project_3.runs/synth_1/runme.log
